2024.07.17 16:45:03 INFO  Started: Metals version 1.3.3 in folders '/Users/vijay185.kumar/Documents/Java' for client Visual Studio Code 1.82.0.
SLF4J(W): Class path contains multiple SLF4J providers.
SLF4J(W): Found provider [scribe.slf4j.ScribeServiceProvider@7ab95268]
SLF4J(W): Found provider [ch.qos.logback.classic.spi.LogbackServiceProvider@623abaac]
SLF4J(W): See https://www.slf4j.org/codes.html#multiple_bindings for an explanation.
SLF4J(I): Actual provider is of type [scribe.slf4j.ScribeServiceProvider@7ab95268]
2024.07.17 16:45:03 WARN  Flyway upgrade recommended: H2 2.2.224 is newer than this version of Flyway and support has not been tested. The latest supported version of H2 is 2.2.220.
2024.07.17 16:45:07 INFO  Running List(/Users/vijay185.kumar/Library/Application Support/Coursier/bin/scala-cli, setup-ide, /Users/vijay185.kumar/Documents/Java)
2024.07.17 16:45:07 INFO  Attempting to connect to the build server...
2024.07.17 16:45:07 INFO  Running BSP server List(/Users/vijay185.kumar/Library/Application Support/Coursier/bin/.scala-cli.aux, bsp, --json-options, /Users/vijay185.kumar/Documents/Java/.scala-build/ide-options-v2.json, /Users/vijay185.kumar/Documents/Java)
2024.07.17 16:45:07 INFO  tracing is disabled for protocol BSP, to enable tracing of incoming and outgoing JSON messages create an empty file at /Users/vijay185.kumar/Documents/Java/.metals/bsp.trace.json or /Users/vijay185.kumar/Library/Caches/org.scalameta.metals/bsp.trace.json
2024.07.17 16:45:08 INFO  BSP server: Starting compilation server
2024.07.17 16:45:10 INFO  time: Connected to build server in 2.66s
2024.07.17 16:45:10 INFO  Connected to Build server: scala-cli v1.0.6
2024.07.17 16:45:10 INFO  time: Imported build in 0.13s
2024.07.17 16:45:10 INFO  running doctor check
2024.07.17 16:45:10 INFO  java targets: Java_bd2c96d2de, Java_bd2c96d2de-test
2024.07.17 16:45:10 INFO  compiling java_bd2c96d2de (1 scala source and 4 java sources)
2024.07.17 16:45:10 INFO  scalac -help  gives more information
2024.07.17 16:45:10 INFO  time: compiled Java_bd2c96d2de in 0.8s
2024.07.17 16:45:10 INFO  compiling java_bd2c96d2de (1 scala source and 4 java sources)
2024.07.17 16:45:10 INFO  scalac -help  gives more information
2024.07.17 16:45:10 INFO  time: compiled Java_bd2c96d2de in 30ms
2024.07.17 16:45:14 WARN  Flyway upgrade recommended: H2 2.2.224 is newer than this version of Flyway and support has not been tested. The latest supported version of H2 is 2.2.220.
2024.07.17 16:45:20 INFO  time: indexed workspace in 9.9s
2024.07.17 16:45:20 INFO  compiling java_bd2c96d2de (1 scala source and 4 java sources)
2024.07.17 16:45:20 INFO  scalac -help  gives more information
2024.07.17 16:45:20 INFO  time: compiled Java_bd2c96d2de in 6ms
2024.07.17 16:45:20 INFO  compiling java_bd2c96d2de (1 scala source and 4 java sources)
2024.07.17 16:45:20 INFO  scalac -help  gives more information
2024.07.17 16:45:20 INFO  time: compiled Java_bd2c96d2de in 5ms
2024.07.17 16:45:57 INFO  no build target found for /Users/vijay185.kumar/Documents/Java/readwriteutility.scala. Using presentation compiler with project's scala-library version: 3.3.1
2024.07.17 16:45:57 INFO  no build target found for /Users/vijay185.kumar/Documents/Java/readwriteutility.scala. Using presentation compiler with project's scala-library version: 3.3.1
2024.07.17 16:45:57 WARN  Could not find semantic tokens for: file:///Users/vijay185.kumar/Documents/Java/readwriteutility.scala
2024.07.17 16:45:57 INFO  running doctor check
2024.07.17 16:45:57 INFO  java targets: Java_bd2c96d2de, Java_bd2c96d2de-test
2024.07.17 16:45:58 INFO  compiling java_bd2c96d2de (2 scala sources and 4 java sources)
2024.07.17 16:45:58 INFO  scalac -help  gives more information
2024.07.17 16:45:58 INFO  time: compiled Java_bd2c96d2de in 8ms
2024.07.17 16:45:58 INFO  compiling java_bd2c96d2de (2 scala sources and 4 java sources)
2024.07.17 16:45:58 INFO  scalac -help  gives more information
2024.07.17 16:45:58 INFO  time: compiled Java_bd2c96d2de in 7ms
2024.07.17 16:45:59 INFO  time: indexed workspace in 0.97s
2024.07.17 16:45:59 INFO  compiling java_bd2c96d2de (2 scala sources and 4 java sources)
2024.07.17 16:45:59 INFO  scalac -help  gives more information
2024.07.17 16:45:59 INFO  time: compiled Java_bd2c96d2de in 5ms
2024.07.17 16:46:06 INFO  compiling java_bd2c96d2de (2 scala sources and 4 java sources)
2024.07.17 16:46:06 INFO  scalac -help  gives more information
2024.07.17 16:46:06 INFO  time: compiled Java_bd2c96d2de in 6ms
2024.07.17 17:13:03 INFO  no build target found for /Users/vijay185.kumar/Documents/Java/genericutility.scala. Using presentation compiler with project's scala-library version: 3.3.1
2024.07.17 17:13:03 INFO  no build target found for /Users/vijay185.kumar/Documents/Java/genericutility.scala. Using presentation compiler with project's scala-library version: 3.3.1
2024.07.17 17:13:03 WARN  Could not find semantic tokens for: file:///Users/vijay185.kumar/Documents/Java/genericutility.scala
2024.07.17 17:13:04 INFO  no build target found for /Users/vijay185.kumar/Documents/Java/genericutility.scala. Using presentation compiler with project's scala-library version: 3.3.1
2024.07.17 17:13:04 INFO  no build target found for /Users/vijay185.kumar/Documents/Java/genericutility.scala. Using presentation compiler with project's scala-library version: 3.3.1
2024.07.17 17:13:04 INFO  no build target found for /Users/vijay185.kumar/Documents/Java/genericutility.scala. Using presentation compiler with project's scala-library version: 3.3.1
2024.07.17 17:13:06 INFO  time: code lens generation in 1.89s
2024.07.17 17:13:07 WARN  no build target for: /Users/vijay185.kumar/Documents/Java/genericutility.scala
2024.07.17 17:13:07 INFO  time: Imported build in 0.41s
2024.07.17 17:13:06 INFO  running doctor check
2024.07.17 17:13:06 INFO  java targets: Java_bd2c96d2de, Java_bd2c96d2de-test
2024.07.17 17:13:07 INFO  compiling java_bd2c96d2de (3 scala sources and 4 java sources)
2024.07.17 17:13:07 INFO  scalac -help  gives more information
2024.07.17 17:13:07 INFO  time: compiled Java_bd2c96d2de in 88ms
2024.07.17 17:13:07 INFO  compiling java_bd2c96d2de (3 scala sources and 4 java sources)
2024.07.17 17:13:07 INFO  scalac -help  gives more information
2024.07.17 17:13:07 INFO  time: compiled Java_bd2c96d2de in 53ms
2024.07.17 17:13:09 INFO  time: indexed workspace in 2.35s
2024.07.17 17:13:10 INFO  compiling java_bd2c96d2de (3 scala sources and 4 java sources)
2024.07.17 17:13:10 INFO  scalac -help  gives more information
2024.07.17 17:13:10 INFO  time: compiled Java_bd2c96d2de in 13ms
2024.07.25 11:54:12 INFO  BSP server: Fatal error has occured within bloop bsp server, method: buildTargetCompile, with params: CompileParams [
2024.07.25 11:54:12 INFO  BSP server:   targets = ArrayList (
2024.07.25 11:54:12 INFO  BSP server:     BuildTargetIdentifier [
2024.07.25 11:54:12 INFO  BSP server:       uri = "file:/Users/vijay185.kumar/Documents/Java/.scala-build/?id=Java_bd2c96d2de"
2024.07.25 11:54:12 INFO  BSP server:     ]
2024.07.25 11:54:12 INFO  BSP server:   )
2024.07.25 11:54:12 INFO  BSP server:   originId = "METALS-$ab2ee00c-9c41-4861-abc3-ba176bd708f4"
2024.07.25 11:54:12 INFO  BSP server:   arguments = null
2024.07.25 11:54:12 INFO  BSP server: ]. Shutting down the server:
2024.07.25 11:54:12 INFO  BSP server:  org.eclipse.lsp4j.jsonrpc.JsonRpcException: java.io.IOException: Broken pipe
2024.07.25 11:54:12 INFO  BSP server: 	at org.eclipse.lsp4j.jsonrpc.json.StreamMessageConsumer.consume(StreamMessageConsumer.java:72)
2024.07.25 11:54:12 INFO  BSP server: 	at org.eclipse.lsp4j.jsonrpc.RemoteEndpoint.request(RemoteEndpoint.java:161)
2024.07.25 11:54:12 INFO  BSP server: 	at org.eclipse.lsp4j.jsonrpc.services.EndpointProxy.invoke(EndpointProxy.java:91)
2024.07.25 11:54:12 INFO  BSP server: 	at jdk.proxy4/jdk.proxy4.$Proxy49.buildTargetCompile(Unknown Source)
2024.07.25 11:54:12 INFO  BSP server: 	at scala.build.bsp.BuildServerForwardStubs.buildTargetCompile(BuildServerForwardStubs.scala:40)
2024.07.25 11:54:12 INFO  BSP server: 	at scala.build.bsp.BuildServerForwardStubs.buildTargetCompile$(BuildServerForwardStubs.scala:9)
2024.07.25 11:54:12 INFO  BSP server: 	at scala.build.bsp.BspServer.buildTargetCompile$$anonfun$1(BspServer.scala:203)
2024.07.25 11:54:12 INFO  BSP server: 	at scala.build.bsp.BspImpl.compile$$anonfun$1(BspImpl.scala:352)
2024.07.25 11:54:12 INFO  BSP server: 	at java.base@17.0.6/java.util.concurrent.CompletableFuture$UniCompose.tryFire(CompletableFuture.java:1150)
2024.07.25 11:54:12 INFO  BSP server: 	at java.base@17.0.6/java.util.concurrent.CompletableFuture.postComplete(CompletableFuture.java:510)
2024.07.25 11:54:12 INFO  BSP server: 	at java.base@17.0.6/java.util.concurrent.CompletableFuture$AsyncSupply.run(CompletableFuture.java:1773)
2024.07.25 11:54:12 INFO  BSP server: 	at java.base@17.0.6/java.util.concurrent.ThreadPoolExecutor.runWorker(ThreadPoolExecutor.java:1136)
2024.07.25 11:54:12 INFO  BSP server: 	at java.base@17.0.6/java.util.concurrent.ThreadPoolExecutor$Worker.run(ThreadPoolExecutor.java:635)
2024.07.25 11:54:12 INFO  BSP server: 	at java.base@17.0.6/java.lang.Thread.run(Thread.java:833)
2024.07.25 11:54:12 INFO  BSP server: 	at com.oracle.svm.core.thread.PlatformThreads.threadStartRoutine(PlatformThreads.java:775)
2024.07.25 11:54:12 INFO  BSP server: 	at com.oracle.svm.core.posix.thread.PosixPlatformThreads.pthreadStartRoutine(PosixPlatformThreads.java:203)
2024.07.25 11:54:12 INFO  BSP server: Caused by: java.io.IOException: Broken pipe
2024.07.25 11:54:12 INFO  BSP server: 	at java.base@17.0.6/sun.nio.ch.FileDispatcherImpl.write0(FileDispatcherImpl.java)
2024.07.25 11:54:12 INFO  BSP server: 	at java.base@17.0.6/sun.nio.ch.SocketDispatcher.write(SocketDispatcher.java:62)
2024.07.25 11:54:12 INFO  BSP server: 	at java.base@17.0.6/sun.nio.ch.IOUtil.writeFromNativeBuffer(IOUtil.java:132)
2024.07.25 11:54:12 INFO  BSP server: 	at java.base@17.0.6/sun.nio.ch.IOUtil.write(IOUtil.java:97)
2024.07.25 11:54:12 INFO  BSP server: 	at java.base@17.0.6/sun.nio.ch.IOUtil.write(IOUtil.java:53)
2024.07.25 11:54:12 INFO  BSP server: 	at java.base@17.0.6/sun.nio.ch.SocketChannelImpl.write(SocketChannelImpl.java:532)
2024.07.25 11:54:12 INFO  BSP server: 	at java.base@17.0.6/java.nio.channels.Channels.writeFullyImpl(Channels.java:74)
2024.07.25 11:54:12 INFO  BSP server: 	at java.base@17.0.6/java.nio.channels.Channels.writeFully(Channels.java:93)
2024.07.25 11:54:12 INFO  BSP server: 	at java.base@17.0.6/java.nio.channels.Channels$1.write(Channels.java:171)
2024.07.25 11:54:12 INFO  BSP server: 	at java.base@17.0.6/java.io.OutputStream.write(OutputStream.java:127)
2024.07.25 11:54:12 INFO  BSP server: 	at org.eclipse.lsp4j.jsonrpc.json.StreamMessageConsumer.consume(StreamMessageConsumer.java:67)
2024.07.25 11:54:12 INFO  BSP server: 	... 15 more
2024.07.25 11:54:12 INFO  BSP server: 
2024.07.25 11:54:12 INFO  Running BSP server List(/Users/vijay185.kumar/Library/Application Support/Coursier/bin/.scala-cli.aux, bsp, --json-options, /Users/vijay185.kumar/Documents/Java/.scala-build/ide-options-v2.json, /Users/vijay185.kumar/Documents/Java)
2024.07.25 11:54:12 INFO  tracing is disabled for protocol BSP, to enable tracing of incoming and outgoing JSON messages create an empty file at /Users/vijay185.kumar/Documents/Java/.metals/bsp.trace.json or /Users/vijay185.kumar/Library/Caches/org.scalameta.metals/bsp.trace.json
2024.07.25 11:54:14 INFO  Connected to Build server: scala-cli v1.0.6
2024.07.25 11:54:14 INFO  running doctor check
2024.07.25 11:54:14 INFO  java targets: Java_bd2c96d2de, Java_bd2c96d2de-test
2024.07.25 11:54:14 INFO  compiling java_bd2c96d2de (3 scala sources and 4 java sources)
2024.07.25 11:54:14 INFO  scalac -help  gives more information
2024.07.25 11:54:14 INFO  time: compiled Java_bd2c96d2de in 39ms
2024.07.25 11:54:14 INFO  compiling java_bd2c96d2de (3 scala sources and 4 java sources)
2024.07.25 11:54:14 INFO  scalac -help  gives more information
2024.07.25 11:54:14 INFO  time: compiled Java_bd2c96d2de in 7ms
2024.07.25 11:54:15 INFO  time: indexed workspace in 1.13s
2024.07.25 11:54:15 INFO  compiling java_bd2c96d2de (3 scala sources and 4 java sources)
2024.07.25 11:54:15 INFO  scalac -help  gives more information
2024.07.25 11:54:15 INFO  time: compiled Java_bd2c96d2de in 9ms
2024.08.09 23:21:57 INFO  Shutting down server
2024.08.09 23:21:57 INFO  shutting down Metals
2024.08.09 23:21:58 INFO  Shut down connection with build server.
2024.08.09 23:21:58 INFO  Cancelling compilation on scala-cli server
2024.08.09 23:21:57 INFO  Exiting server
2024.08.26 16:48:33 INFO  Started: Metals version 1.3.5 in folders '/Users/vijay185.kumar/Documents/Java' for client Visual Studio Code 1.82.0.
SLF4J(W): Class path contains multiple SLF4J providers.
SLF4J(W): Found provider [scribe.slf4j.ScribeServiceProvider@15683e8a]
SLF4J(W): Found provider [ch.qos.logback.classic.spi.LogbackServiceProvider@9ba6559]
SLF4J(W): See https://www.slf4j.org/codes.html#multiple_bindings for an explanation.
SLF4J(I): Actual provider is of type [scribe.slf4j.ScribeServiceProvider@15683e8a]
2024.08.26 16:48:36 WARN  Flyway upgrade recommended: H2 2.3.230 is newer than this version of Flyway and support has not been tested. The latest supported version of H2 is 2.2.220.
2024.08.26 16:48:36 INFO  Attempting to connect to the build server...
2024.08.26 16:48:36 INFO  Running BSP server List(/Users/vijay185.kumar/Library/Application Support/Coursier/bin/.scala-cli.aux, bsp, --json-options, /Users/vijay185.kumar/Documents/Java/.scala-build/ide-options-v2.json, /Users/vijay185.kumar/Documents/Java)
2024.08.26 16:48:36 INFO  tracing is disabled for protocol BSP, to enable tracing of incoming and outgoing JSON messages create an empty file at /Users/vijay185.kumar/Documents/Java/.metals/bsp.trace.json or /Users/vijay185.kumar/Library/Caches/org.scalameta.metals/bsp.trace.json
2024.08.26 16:48:40 INFO  time: Connected to build server in 4.05s
2024.08.26 16:48:40 INFO  Connected to Build server: scala-cli v1.0.6
2024.08.26 16:48:40 INFO  running doctor check
2024.08.26 16:48:40 INFO  java targets: Java_bd2c96d2de, Java_bd2c96d2de-test
2024.08.26 16:48:41 INFO  compiling java_bd2c96d2de (3 scala sources and 4 java sources)
2024.08.26 16:48:41 INFO  scalac -help  gives more information
2024.08.26 16:48:41 INFO  time: compiled Java_bd2c96d2de in 58ms
2024.08.26 16:48:41 INFO  compiling java_bd2c96d2de (3 scala sources and 4 java sources)
2024.08.26 16:48:41 INFO  scalac -help  gives more information
2024.08.26 16:48:41 INFO  time: compiled Java_bd2c96d2de in 8ms
2024.08.26 16:48:45 WARN  Flyway upgrade recommended: H2 2.3.230 is newer than this version of Flyway and support has not been tested. The latest supported version of H2 is 2.2.220.
2024.08.26 16:48:45 INFO  time: indexed workspace in 5.17s
2024.08.26 22:10:42 INFO  Shutting down server
2024.08.26 22:10:42 INFO  shutting down Metals
2024.08.26 22:10:42 INFO  Exiting server
2024.12.27 13:30:41 INFO  Started: Metals version 1.4.2 in folders '/Users/vijay185.kumar/Downloads/exitCodeZero/Java' for client Visual Studio Code 1.82.0.
2024.12.27 13:30:41 INFO  no build target found for /Users/vijay185.kumar/Downloads/exitCodeZero/Java/Main.java. Using presentation compiler with project's scala-library version: 3.3.4
2024.12.27 13:30:42 INFO  Attempting to connect to the build server...
2024.12.27 13:30:42 INFO  Running BSP server List(/Users/vijay185.kumar/Library/Application Support/Coursier/bin/.scala-cli.aux, bsp, --json-options, /Users/vijay185.kumar/Documents/Java/.scala-build/ide-options-v2.json, /Users/vijay185.kumar/Documents/Java)
2024.12.27 13:30:42 INFO  tracing is disabled for protocol BSP, to enable tracing of incoming and outgoing JSON messages create an empty file at /Users/vijay185.kumar/Downloads/exitCodeZero/Java/.metals/bsp.trace.json or /Users/vijay185.kumar/Library/Caches/org.scalameta.metals/bsp.trace.json
2024.12.27 13:30:49 INFO  BSP server: [error]  /Users/vijay185.kumar/Documents/Java: input file not found
2024.12.27 13:30:49 INFO  BSP server: Try viewing the relevant help to see the list of available sub-commands and options.
2024.12.27 13:30:49 INFO  BSP server:   scala-cli bsp --help
2024.12.27 13:30:51 INFO  no build target found for /Users/vijay185.kumar/Downloads/exitCodeZero/Java/Main.java. Using presentation compiler with project's scala-library version: 3.3.4
Dec 27, 2024 1:30:51 PM org.eclipse.lsp4j.jsonrpc.RemoteEndpoint handleCancellation
WARNING: Unmatched cancel notification for request id 3
Dec 27, 2024 1:30:51 PM org.eclipse.lsp4j.jsonrpc.RemoteEndpoint handleCancellation
WARNING: Unmatched cancel notification for request id 2
2024.12.27 13:30:51 INFO  no build target found for /Users/vijay185.kumar/Downloads/exitCodeZero/Java/Main.java. Using presentation compiler with project's scala-library version: 3.3.4
2024.12.27 13:30:51 INFO  no build target found for /Users/vijay185.kumar/Downloads/exitCodeZero/Java/Main.java. Using presentation compiler with project's scala-library version: 3.3.4
Dec 27, 2024 1:30:51 PM org.eclipse.lsp4j.jsonrpc.RemoteEndpoint handleCancellation
WARNING: Unmatched cancel notification for request id 8
2024.12.27 13:31:42 ERROR Timeout waiting for 'build/initialize' response
2024.12.27 13:31:42 WARN  Retrying connection to the build server scala-cli
2024.12.27 13:31:42 INFO  Running BSP server List(/Users/vijay185.kumar/Library/Application Support/Coursier/bin/.scala-cli.aux, bsp, --json-options, /Users/vijay185.kumar/Documents/Java/.scala-build/ide-options-v2.json, /Users/vijay185.kumar/Documents/Java)
2024.12.27 13:31:42 INFO  tracing is disabled for protocol BSP, to enable tracing of incoming and outgoing JSON messages create an empty file at /Users/vijay185.kumar/Downloads/exitCodeZero/Java/.metals/bsp.trace.json or /Users/vijay185.kumar/Library/Caches/org.scalameta.metals/bsp.trace.json
2024.12.27 13:31:42 INFO  BSP server: [error]  /Users/vijay185.kumar/Documents/Java: input file not found
2024.12.27 13:31:42 INFO  BSP server: Try viewing the relevant help to see the list of available sub-commands and options.
2024.12.27 13:31:42 INFO  BSP server:   scala-cli bsp --help
2024.12.27 13:31:45 INFO  no build target found for /Users/vijay185.kumar/Downloads/exitCodeZero/Java/Main.java. Using presentation compiler with project's scala-library version: 3.3.4
Dec 27, 2024 1:31:46 PM scala.meta.internal.pc.CompilerAccess handleError
SEVERE: A severe compiler error occurred, full details of the error can be found in the error report /Users/vijay185.kumar/Downloads/exitCodeZero/Java/.metals/.reports/metals-full/2024-12-27/r_compiler-error_13-31-46-469.md
2024.12.27 13:31:48 INFO  no build target found for /Users/vijay185.kumar/Downloads/exitCodeZero/Java/Main.java. Using presentation compiler with project's scala-library version: 3.3.4
Dec 27, 2024 1:31:48 PM org.eclipse.lsp4j.jsonrpc.RemoteEndpoint handleNotification
WARNING: Notification threw an exception: {
  "jsonrpc": "2.0",
  "method": "metals/didFocusTextDocument",
  "params": [
    "class:/Users/vijay185.kumar/Downloads/exitCodeZero/Java/InventorySystem.class"
  ]
}
java.nio.file.FileSystemNotFoundException: Provider "class" not installed
	at java.base/java.nio.file.Path.of(Path.java:213)
	at java.base/java.nio.file.Paths.get(Paths.java:98)
	at scala.meta.internal.mtags.MtagsEnrichments$XtensionURIMtags.toAbsolutePath(MtagsEnrichments.scala:130)
	at scala.meta.internal.mtags.MtagsEnrichments$XtensionStringMtags.toAbsolutePath(MtagsEnrichments.scala:190)
	at scala.meta.internal.metals.MetalsEnrichments$XtensionString.toAbsolutePath(MetalsEnrichments.scala:774)
	at scala.meta.internal.metals.MetalsEnrichments$XtensionString.toAbsolutePath(MetalsEnrichments.scala:771)
	at scala.meta.internal.metals.WorkspaceLspService.didFocus(WorkspaceLspService.scala:718)
	at scala.meta.metals.lsp.DelegatingScalaService.didFocus(DelegatingScalaService.scala:43)
	at java.base/jdk.internal.reflect.DirectMethodHandleAccessor.invoke(DirectMethodHandleAccessor.java:103)
	at java.base/java.lang.reflect.Method.invoke(Method.java:580)
	at org.eclipse.lsp4j.jsonrpc.services.GenericEndpoint.lambda$recursiveFindRpcMethods$0(GenericEndpoint.java:65)
	at org.eclipse.lsp4j.jsonrpc.services.GenericEndpoint.notify(GenericEndpoint.java:160)
	at org.eclipse.lsp4j.jsonrpc.RemoteEndpoint.handleNotification(RemoteEndpoint.java:231)
	at org.eclipse.lsp4j.jsonrpc.RemoteEndpoint.consume(RemoteEndpoint.java:198)
	at org.eclipse.lsp4j.jsonrpc.json.StreamMessageProducer.handleMessage(StreamMessageProducer.java:185)
	at org.eclipse.lsp4j.jsonrpc.json.StreamMessageProducer.listen(StreamMessageProducer.java:97)
	at org.eclipse.lsp4j.jsonrpc.json.ConcurrentMessageProcessor.run(ConcurrentMessageProcessor.java:114)
	at java.base/java.util.concurrent.Executors$RunnableAdapter.call(Executors.java:572)
	at java.base/java.util.concurrent.FutureTask.run(FutureTask.java:317)
	at java.base/java.util.concurrent.ThreadPoolExecutor.runWorker(ThreadPoolExecutor.java:1144)
	at java.base/java.util.concurrent.ThreadPoolExecutor$Worker.run(ThreadPoolExecutor.java:642)
	at java.base/java.lang.Thread.run(Thread.java:1570)

2024.12.27 13:31:54 INFO  no build target found for /Users/vijay185.kumar/Downloads/exitCodeZero/Java/Main.java. Using presentation compiler with project's scala-library version: 3.3.4
2024.12.27 13:31:54 INFO  no build target found for /Users/vijay185.kumar/Downloads/exitCodeZero/Java/Main.java. Using presentation compiler with project's scala-library version: 3.3.4
2024.12.27 13:31:55 INFO  no build target found for /Users/vijay185.kumar/Downloads/exitCodeZero/Java/Main.java. Using presentation compiler with project's scala-library version: 3.3.4
Dec 27, 2024 1:31:55 PM scala.meta.internal.pc.CompilerAccess handleError
SEVERE: A severe compiler error occurred, full details of the error can be found in the error report /Users/vijay185.kumar/Downloads/exitCodeZero/Java/.metals/.reports/metals-full/2024-12-27/r_compiler-error_13-31-55-335.md
2024.12.27 13:32:00 INFO  no build target found for /Users/vijay185.kumar/Downloads/exitCodeZero/Java/Main.java. Using presentation compiler with project's scala-library version: 3.3.4
Dec 27, 2024 1:32:00 PM scala.meta.internal.pc.CompilerAccess handleError
SEVERE: A severe compiler error occurred, full details of the error can be found in the error report /Users/vijay185.kumar/Downloads/exitCodeZero/Java/.metals/.reports/metals-full/2024-12-27/r_compiler-error_13-32-00-899.md
2024.12.27 13:32:02 INFO  no build target found for /Users/vijay185.kumar/Downloads/exitCodeZero/Java/Main.java. Using presentation compiler with project's scala-library version: 3.3.4
Dec 27, 2024 1:32:03 PM scala.meta.internal.pc.CompilerAccess handleError
SEVERE: A severe compiler error occurred, full details of the error can be found in the error report /Users/vijay185.kumar/Downloads/exitCodeZero/Java/.metals/.reports/metals-full/2024-12-27/r_compiler-error_13-32-03-095.md
2024.12.27 13:32:04 INFO  no build target found for /Users/vijay185.kumar/Downloads/exitCodeZero/Java/Main.java. Using presentation compiler with project's scala-library version: 3.3.4
2024.12.27 13:32:05 INFO  no build target found for /Users/vijay185.kumar/Downloads/exitCodeZero/Java/Main.java. Using presentation compiler with project's scala-library version: 3.3.4
2024.12.27 13:32:06 INFO  no build target found for /Users/vijay185.kumar/Downloads/exitCodeZero/Java/Main.java. Using presentation compiler with project's scala-library version: 3.3.4
Dec 27, 2024 1:32:06 PM scala.meta.internal.pc.CompilerAccess handleError
SEVERE: A severe compiler error occurred, full details of the error can be found in the error report /Users/vijay185.kumar/Downloads/exitCodeZero/Java/.metals/.reports/metals-full/2024-12-27/r_compiler-error_13-32-06-177.md
2024.12.27 13:32:07 INFO  no build target found for /Users/vijay185.kumar/Downloads/exitCodeZero/Java/Main.java. Using presentation compiler with project's scala-library version: 3.3.4
Dec 27, 2024 1:32:07 PM scala.meta.internal.pc.CompilerAccess handleError
SEVERE: A severe compiler error occurred, full details of the error can be found in the error report /Users/vijay185.kumar/Downloads/exitCodeZero/Java/.metals/.reports/metals-full/2024-12-27/r_compiler-error_13-32-07-471.md
2024.12.27 13:32:09 INFO  no build target found for /Users/vijay185.kumar/Downloads/exitCodeZero/Java/Main.java. Using presentation compiler with project's scala-library version: 3.3.4
Dec 27, 2024 1:32:09 PM scala.meta.internal.pc.CompilerAccess handleError
SEVERE: A severe compiler error occurred, full details of the error can be found in the error report /Users/vijay185.kumar/Downloads/exitCodeZero/Java/.metals/.reports/metals-full/2024-12-27/r_compiler-error_13-32-09-275.md
2024.12.27 13:32:09 INFO  no build target found for /Users/vijay185.kumar/Downloads/exitCodeZero/Java/Main.java. Using presentation compiler with project's scala-library version: 3.3.4
Dec 27, 2024 1:32:09 PM scala.meta.internal.pc.CompilerAccess handleError
SEVERE: A severe compiler error occurred, full details of the error can be found in the error report /Users/vijay185.kumar/Downloads/exitCodeZero/Java/.metals/.reports/metals-full/2024-12-27/r_compiler-error_13-32-09-598.md
2024.12.27 13:32:09 INFO  no build target found for /Users/vijay185.kumar/Downloads/exitCodeZero/Java/Main.java. Using presentation compiler with project's scala-library version: 3.3.4
2024.12.27 13:32:10 INFO  no build target found for /Users/vijay185.kumar/Downloads/exitCodeZero/Java/Main.java. Using presentation compiler with project's scala-library version: 3.3.4
Dec 27, 2024 1:32:10 PM scala.meta.internal.pc.CompilerAccess handleError
SEVERE: A severe compiler error occurred, full details of the error can be found in the error report /Users/vijay185.kumar/Downloads/exitCodeZero/Java/.metals/.reports/metals-full/2024-12-27/r_compiler-error_13-32-10-848.md
2024.12.27 13:32:11 INFO  no build target found for /Users/vijay185.kumar/Downloads/exitCodeZero/Java/Main.java. Using presentation compiler with project's scala-library version: 3.3.4
Dec 27, 2024 1:32:11 PM scala.meta.internal.pc.CompilerAccess handleError
SEVERE: A severe compiler error occurred, full details of the error can be found in the error report /Users/vijay185.kumar/Downloads/exitCodeZero/Java/.metals/.reports/metals-full/2024-12-27/r_compiler-error_13-32-11-953.md
2024.12.27 13:32:11 INFO  no build target found for /Users/vijay185.kumar/Downloads/exitCodeZero/Java/Main.java. Using presentation compiler with project's scala-library version: 3.3.4
2024.12.27 13:32:11 INFO  no build target found for /Users/vijay185.kumar/Downloads/exitCodeZero/Java/Main.java. Using presentation compiler with project's scala-library version: 3.3.4
Dec 27, 2024 1:32:12 PM scala.meta.internal.pc.CompilerAccess handleError
SEVERE: A severe compiler error occurred, full details of the error can be found in the error report /Users/vijay185.kumar/Downloads/exitCodeZero/Java/.metals/.reports/metals-full/2024-12-27/r_compiler-error_13-32-12-780.md
2024.12.27 13:32:13 INFO  no build target found for /Users/vijay185.kumar/Downloads/exitCodeZero/Java/Main.java. Using presentation compiler with project's scala-library version: 3.3.4
Dec 27, 2024 1:32:13 PM scala.meta.internal.pc.CompilerAccess handleError
SEVERE: A severe compiler error occurred, full details of the error can be found in the error report /Users/vijay185.kumar/Downloads/exitCodeZero/Java/.metals/.reports/metals-full/2024-12-27/r_compiler-error_13-32-13-752.md
2024.12.27 13:32:13 INFO  no build target found for /Users/vijay185.kumar/Downloads/exitCodeZero/Java/Main.java. Using presentation compiler with project's scala-library version: 3.3.4
2024.12.27 13:32:15 INFO  no build target found for /Users/vijay185.kumar/Downloads/exitCodeZero/Java/Main.java. Using presentation compiler with project's scala-library version: 3.3.4
2024.12.27 13:32:16 INFO  no build target found for /Users/vijay185.kumar/Downloads/exitCodeZero/Java/Main.java. Using presentation compiler with project's scala-library version: 3.3.4
2024.12.27 13:32:16 INFO  no build target found for /Users/vijay185.kumar/Downloads/exitCodeZero/Java/Main.java. Using presentation compiler with project's scala-library version: 3.3.4
2024.12.27 13:32:16 INFO  no build target found for /Users/vijay185.kumar/Downloads/exitCodeZero/Java/Main.java. Using presentation compiler with project's scala-library version: 3.3.4
2024.12.27 13:32:17 INFO  no build target found for /Users/vijay185.kumar/Downloads/exitCodeZero/Java/Main.java. Using presentation compiler with project's scala-library version: 3.3.4
Dec 27, 2024 1:32:17 PM scala.meta.internal.pc.CompilerAccess handleError
SEVERE: A severe compiler error occurred, full details of the error can be found in the error report /Users/vijay185.kumar/Downloads/exitCodeZero/Java/.metals/.reports/metals-full/2024-12-27/r_compiler-error_13-32-17-404.md
2024.12.27 13:32:16 INFO  no build target found for /Users/vijay185.kumar/Downloads/exitCodeZero/Java/Main.java. Using presentation compiler with project's scala-library version: 3.3.4
2024.12.27 13:32:16 INFO  no build target found for /Users/vijay185.kumar/Downloads/exitCodeZero/Java/Main.java. Using presentation compiler with project's scala-library version: 3.3.4
Dec 27, 2024 1:32:17 PM scala.meta.internal.pc.CompilerAccess handleError
SEVERE: A severe compiler error occurred, full details of the error can be found in the error report /Users/vijay185.kumar/Downloads/exitCodeZero/Java/.metals/.reports/metals-full/2024-12-27/r_compiler-error_13-32-17-789.md
2024.12.27 13:32:18 INFO  no build target found for /Users/vijay185.kumar/Downloads/exitCodeZero/Java/Main.java. Using presentation compiler with project's scala-library version: 3.3.4
Dec 27, 2024 1:32:18 PM scala.meta.internal.pc.CompilerAccess handleError
SEVERE: A severe compiler error occurred, full details of the error can be found in the error report /Users/vijay185.kumar/Downloads/exitCodeZero/Java/.metals/.reports/metals-full/2024-12-27/r_compiler-error_13-32-18-249.md
2024.12.27 13:32:18 INFO  no build target found for /Users/vijay185.kumar/Downloads/exitCodeZero/Java/Main.java. Using presentation compiler with project's scala-library version: 3.3.4
2024.12.27 13:32:18 INFO  no build target found for /Users/vijay185.kumar/Downloads/exitCodeZero/Java/Main.java. Using presentation compiler with project's scala-library version: 3.3.4
Dec 27, 2024 1:32:19 PM scala.meta.internal.pc.CompilerAccess handleError
SEVERE: A severe compiler error occurred, full details of the error can be found in the error report /Users/vijay185.kumar/Downloads/exitCodeZero/Java/.metals/.reports/metals-full/2024-12-27/r_compiler-error_13-32-19-114.md
2024.12.27 13:32:18 INFO  no build target found for /Users/vijay185.kumar/Downloads/exitCodeZero/Java/Main.java. Using presentation compiler with project's scala-library version: 3.3.4
2024.12.27 13:32:20 INFO  no build target found for /Users/vijay185.kumar/Downloads/exitCodeZero/Java/Main.java. Using presentation compiler with project's scala-library version: 3.3.4
2024.12.27 13:32:21 INFO  no build target found for /Users/vijay185.kumar/Downloads/exitCodeZero/Java/Main.java. Using presentation compiler with project's scala-library version: 3.3.4
2024.12.27 13:32:21 INFO  no build target found for /Users/vijay185.kumar/Downloads/exitCodeZero/Java/Main.java. Using presentation compiler with project's scala-library version: 3.3.4
Dec 27, 2024 1:32:22 PM scala.meta.internal.pc.CompilerAccess handleError
SEVERE: A severe compiler error occurred, full details of the error can be found in the error report /Users/vijay185.kumar/Downloads/exitCodeZero/Java/.metals/.reports/metals-full/2024-12-27/r_compiler-error_13-32-22-015.md
2024.12.27 13:32:23 INFO  no build target found for /Users/vijay185.kumar/Downloads/exitCodeZero/Java/Main.java. Using presentation compiler with project's scala-library version: 3.3.4
Dec 27, 2024 1:32:23 PM scala.meta.internal.pc.CompilerAccess handleError
SEVERE: A severe compiler error occurred, full details of the error can be found in the error report /Users/vijay185.kumar/Downloads/exitCodeZero/Java/.metals/.reports/metals-full/2024-12-27/r_compiler-error_13-32-23-186.md
2024.12.27 13:32:23 INFO  no build target found for /Users/vijay185.kumar/Downloads/exitCodeZero/Java/Main.java. Using presentation compiler with project's scala-library version: 3.3.4
2024.12.27 13:32:25 INFO  no build target found for /Users/vijay185.kumar/Downloads/exitCodeZero/Java/Main.java. Using presentation compiler with project's scala-library version: 3.3.4
2024.12.27 13:32:28 INFO  no build target found for /Users/vijay185.kumar/Downloads/exitCodeZero/Java/Main.java. Using presentation compiler with project's scala-library version: 3.3.4
2024.12.27 13:32:28 INFO  no build target found for /Users/vijay185.kumar/Downloads/exitCodeZero/Java/Main.java. Using presentation compiler with project's scala-library version: 3.3.4
Dec 27, 2024 1:32:28 PM scala.meta.internal.pc.CompilerAccess handleError
SEVERE: A severe compiler error occurred, full details of the error can be found in the error report /Users/vijay185.kumar/Downloads/exitCodeZero/Java/.metals/.reports/metals-full/2024-12-27/r_compiler-error_13-32-28-177.md
2024.12.27 13:32:28 INFO  no build target found for /Users/vijay185.kumar/Downloads/exitCodeZero/Java/Main.java. Using presentation compiler with project's scala-library version: 3.3.4
2024.12.27 13:32:29 INFO  no build target found for /Users/vijay185.kumar/Downloads/exitCodeZero/Java/Main.java. Using presentation compiler with project's scala-library version: 3.3.4
2024.12.27 13:32:30 INFO  no build target found for /Users/vijay185.kumar/Downloads/exitCodeZero/Java/Main.java. Using presentation compiler with project's scala-library version: 3.3.4
2024.12.27 13:32:30 INFO  no build target found for /Users/vijay185.kumar/Downloads/exitCodeZero/Java/Main.java. Using presentation compiler with project's scala-library version: 3.3.4
2024.12.27 13:32:31 INFO  no build target found for /Users/vijay185.kumar/Downloads/exitCodeZero/Java/Main.java. Using presentation compiler with project's scala-library version: 3.3.4
Dec 27, 2024 1:32:31 PM scala.meta.internal.pc.CompilerAccess handleError
SEVERE: A severe compiler error occurred, full details of the error can be found in the error report /Users/vijay185.kumar/Downloads/exitCodeZero/Java/.metals/.reports/metals-full/2024-12-27/r_compiler-error_13-32-31-251.md
2024.12.27 13:32:30 INFO  no build target found for /Users/vijay185.kumar/Downloads/exitCodeZero/Java/Main.java. Using presentation compiler with project's scala-library version: 3.3.4
2024.12.27 13:32:33 INFO  no build target found for /Users/vijay185.kumar/Downloads/exitCodeZero/Java/Main.java. Using presentation compiler with project's scala-library version: 3.3.4
2024.12.27 13:32:34 INFO  no build target found for /Users/vijay185.kumar/Downloads/exitCodeZero/Java/Main.java. Using presentation compiler with project's scala-library version: 3.3.4
2024.12.27 13:32:37 INFO  no build target found for /Users/vijay185.kumar/Downloads/exitCodeZero/Java/Main.java. Using presentation compiler with project's scala-library version: 3.3.4
2024.12.27 13:32:37 INFO  no build target found for /Users/vijay185.kumar/Downloads/exitCodeZero/Java/Main.java. Using presentation compiler with project's scala-library version: 3.3.4
Dec 27, 2024 1:32:37 PM scala.meta.internal.pc.CompilerAccess handleError
SEVERE: A severe compiler error occurred, full details of the error can be found in the error report /Users/vijay185.kumar/Downloads/exitCodeZero/Java/.metals/.reports/metals-full/2024-12-27/r_compiler-error_13-32-37-311.md
2024.12.27 13:32:40 INFO  no build target found for /Users/vijay185.kumar/Downloads/exitCodeZero/Java/Main.java. Using presentation compiler with project's scala-library version: 3.3.4
Dec 27, 2024 1:32:40 PM scala.meta.internal.pc.CompilerAccess handleError
SEVERE: A severe compiler error occurred, full details of the error can be found in the error report /Users/vijay185.kumar/Downloads/exitCodeZero/Java/.metals/.reports/metals-full/2024-12-27/r_compiler-error_13-32-40-503.md
2024.12.27 13:32:40 INFO  no build target found for /Users/vijay185.kumar/Downloads/exitCodeZero/Java/Main.java. Using presentation compiler with project's scala-library version: 3.3.4
2024.12.27 13:32:40 INFO  no build target found for /Users/vijay185.kumar/Downloads/exitCodeZero/Java/Main.java. Using presentation compiler with project's scala-library version: 3.3.4
Dec 27, 2024 1:32:40 PM scala.meta.internal.pc.CompilerAccess handleError
SEVERE: A severe compiler error occurred, full details of the error can be found in the error report /Users/vijay185.kumar/Downloads/exitCodeZero/Java/.metals/.reports/metals-full/2024-12-27/r_compiler-error_13-32-40-817.md
2024.12.27 13:32:40 INFO  no build target found for /Users/vijay185.kumar/Downloads/exitCodeZero/Java/Main.java. Using presentation compiler with project's scala-library version: 3.3.4
2024.12.27 13:32:42 INFO  no build target found for /Users/vijay185.kumar/Downloads/exitCodeZero/Java/Main.java. Using presentation compiler with project's scala-library version: 3.3.4
2024.12.27 13:32:42 INFO  no build target found for /Users/vijay185.kumar/Downloads/exitCodeZero/Java/Main.java. Using presentation compiler with project's scala-library version: 3.3.4
2024.12.27 13:32:42 INFO  no build target found for /Users/vijay185.kumar/Downloads/exitCodeZero/Java/Main.java. Using presentation compiler with project's scala-library version: 3.3.4
Dec 27, 2024 1:32:42 PM scala.meta.internal.pc.CompilerAccess handleError
SEVERE: A severe compiler error occurred, full details of the error can be found in the error report /Users/vijay185.kumar/Downloads/exitCodeZero/Java/.metals/.reports/metals-full/2024-12-27/r_compiler-error_13-32-42-323.md
2024.12.27 13:32:42 INFO  no build target found for /Users/vijay185.kumar/Downloads/exitCodeZero/Java/Main.java. Using presentation compiler with project's scala-library version: 3.3.4
2024.12.27 13:32:42 ERROR Timeout waiting for 'build/initialize' response
2024.12.27 13:32:42 WARN  Retrying connection to the build server scala-cli
2024.12.27 13:32:42 INFO  Running BSP server List(/Users/vijay185.kumar/Library/Application Support/Coursier/bin/.scala-cli.aux, bsp, --json-options, /Users/vijay185.kumar/Documents/Java/.scala-build/ide-options-v2.json, /Users/vijay185.kumar/Documents/Java)
2024.12.27 13:32:42 INFO  tracing is disabled for protocol BSP, to enable tracing of incoming and outgoing JSON messages create an empty file at /Users/vijay185.kumar/Downloads/exitCodeZero/Java/.metals/bsp.trace.json or /Users/vijay185.kumar/Library/Caches/org.scalameta.metals/bsp.trace.json
2024.12.27 13:32:43 INFO  BSP server: [error]  /Users/vijay185.kumar/Documents/Java: input file not found
2024.12.27 13:32:43 INFO  BSP server: Try viewing the relevant help to see the list of available sub-commands and options.
2024.12.27 13:32:43 INFO  BSP server:   scala-cli bsp --help
2024.12.27 13:32:45 INFO  no build target found for /Users/vijay185.kumar/Downloads/exitCodeZero/Java/Main.java. Using presentation compiler with project's scala-library version: 3.3.4
2024.12.27 13:32:45 INFO  no build target found for /Users/vijay185.kumar/Downloads/exitCodeZero/Java/Main.java. Using presentation compiler with project's scala-library version: 3.3.4
2024.12.27 13:32:45 INFO  no build target found for /Users/vijay185.kumar/Downloads/exitCodeZero/Java/Main.java. Using presentation compiler with project's scala-library version: 3.3.4
Dec 27, 2024 1:32:45 PM scala.meta.internal.pc.CompilerAccess handleError
SEVERE: A severe compiler error occurred, full details of the error can be found in the error report /Users/vijay185.kumar/Downloads/exitCodeZero/Java/.metals/.reports/metals-full/2024-12-27/r_compiler-error_13-32-45-357.md
2024.12.27 13:32:45 INFO  no build target found for /Users/vijay185.kumar/Downloads/exitCodeZero/Java/Main.java. Using presentation compiler with project's scala-library version: 3.3.4
2024.12.27 13:32:46 INFO  no build target found for /Users/vijay185.kumar/Downloads/exitCodeZero/Java/Main.java. Using presentation compiler with project's scala-library version: 3.3.4
2024.12.27 13:32:56 INFO  no build target found for /Users/vijay185.kumar/Downloads/exitCodeZero/Java/Main.java. Using presentation compiler with project's scala-library version: 3.3.4
2024.12.27 13:32:56 INFO  no build target found for /Users/vijay185.kumar/Downloads/exitCodeZero/Java/Main.java. Using presentation compiler with project's scala-library version: 3.3.4
Dec 27, 2024 1:32:56 PM scala.meta.internal.pc.CompilerAccess handleError
SEVERE: A severe compiler error occurred, full details of the error can be found in the error report /Users/vijay185.kumar/Downloads/exitCodeZero/Java/.metals/.reports/metals-full/2024-12-27/r_compiler-error_13-32-56-593.md
2024.12.27 13:32:56 INFO  no build target found for /Users/vijay185.kumar/Downloads/exitCodeZero/Java/Main.java. Using presentation compiler with project's scala-library version: 3.3.4
2024.12.27 13:32:56 INFO  no build target found for /Users/vijay185.kumar/Downloads/exitCodeZero/Java/Main.java. Using presentation compiler with project's scala-library version: 3.3.4
2024.12.27 13:32:56 INFO  no build target found for /Users/vijay185.kumar/Downloads/exitCodeZero/Java/Main.java. Using presentation compiler with project's scala-library version: 3.3.4
Dec 27, 2024 1:32:57 PM scala.meta.internal.pc.CompilerAccess handleError
SEVERE: A severe compiler error occurred, full details of the error can be found in the error report /Users/vijay185.kumar/Downloads/exitCodeZero/Java/.metals/.reports/metals-full/2024-12-27/r_compiler-error_13-32-57-013.md
2024.12.27 13:32:56 INFO  no build target found for /Users/vijay185.kumar/Downloads/exitCodeZero/Java/Main.java. Using presentation compiler with project's scala-library version: 3.3.4
2024.12.27 13:32:56 INFO  no build target found for /Users/vijay185.kumar/Downloads/exitCodeZero/Java/Main.java. Using presentation compiler with project's scala-library version: 3.3.4
2024.12.27 13:32:56 INFO  no build target found for /Users/vijay185.kumar/Downloads/exitCodeZero/Java/Main.java. Using presentation compiler with project's scala-library version: 3.3.4
Dec 27, 2024 1:32:57 PM scala.meta.internal.pc.CompilerAccess handleError
SEVERE: A severe compiler error occurred, full details of the error can be found in the error report /Users/vijay185.kumar/Downloads/exitCodeZero/Java/.metals/.reports/metals-full/2024-12-27/r_compiler-error_13-32-57-449.md
2024.12.27 13:32:57 INFO  no build target found for /Users/vijay185.kumar/Downloads/exitCodeZero/Java/Main.java. Using presentation compiler with project's scala-library version: 3.3.4
2024.12.27 13:32:57 INFO  no build target found for /Users/vijay185.kumar/Downloads/exitCodeZero/Java/Main.java. Using presentation compiler with project's scala-library version: 3.3.4
2024.12.27 13:32:57 INFO  no build target found for /Users/vijay185.kumar/Downloads/exitCodeZero/Java/Main.java. Using presentation compiler with project's scala-library version: 3.3.4
Dec 27, 2024 1:32:57 PM scala.meta.internal.pc.CompilerAccess handleError
SEVERE: A severe compiler error occurred, full details of the error can be found in the error report /Users/vijay185.kumar/Downloads/exitCodeZero/Java/.metals/.reports/metals-full/2024-12-27/r_compiler-error_13-32-57-883.md
2024.12.27 13:33:01 INFO  no build target found for /Users/vijay185.kumar/Downloads/exitCodeZero/Java/Main.java. Using presentation compiler with project's scala-library version: 3.3.4
2024.12.27 13:33:01 INFO  no build target found for /Users/vijay185.kumar/Downloads/exitCodeZero/Java/Main.java. Using presentation compiler with project's scala-library version: 3.3.4
Dec 27, 2024 1:33:01 PM scala.meta.internal.pc.CompilerAccess handleError
SEVERE: A severe compiler error occurred, full details of the error can be found in the error report /Users/vijay185.kumar/Downloads/exitCodeZero/Java/.metals/.reports/metals-full/2024-12-27/r_compiler-error_13-33-01-769.md
2024.12.27 13:33:01 INFO  no build target found for /Users/vijay185.kumar/Downloads/exitCodeZero/Java/Main.java. Using presentation compiler with project's scala-library version: 3.3.4
2024.12.27 13:33:02 INFO  no build target found for /Users/vijay185.kumar/Downloads/exitCodeZero/Java/Main.java. Using presentation compiler with project's scala-library version: 3.3.4
Dec 27, 2024 1:33:02 PM scala.meta.internal.pc.CompilerAccess handleError
SEVERE: A severe compiler error occurred, full details of the error can be found in the error report /Users/vijay185.kumar/Downloads/exitCodeZero/Java/.metals/.reports/metals-full/2024-12-27/r_compiler-error_13-33-02-137.md
2024.12.27 13:33:01 INFO  no build target found for /Users/vijay185.kumar/Downloads/exitCodeZero/Java/Main.java. Using presentation compiler with project's scala-library version: 3.3.4
2024.12.27 13:33:03 INFO  no build target found for /Users/vijay185.kumar/Downloads/exitCodeZero/Java/Main.java. Using presentation compiler with project's scala-library version: 3.3.4
2024.12.27 13:33:03 INFO  no build target found for /Users/vijay185.kumar/Downloads/exitCodeZero/Java/Main.java. Using presentation compiler with project's scala-library version: 3.3.4
2024.12.27 13:33:03 INFO  no build target found for /Users/vijay185.kumar/Downloads/exitCodeZero/Java/Main.java. Using presentation compiler with project's scala-library version: 3.3.4
Dec 27, 2024 1:33:03 PM scala.meta.internal.pc.CompilerAccess handleError
SEVERE: A severe compiler error occurred, full details of the error can be found in the error report /Users/vijay185.kumar/Downloads/exitCodeZero/Java/.metals/.reports/metals-full/2024-12-27/r_compiler-error_13-33-03-717.md
2024.12.27 13:33:03 INFO  no build target found for /Users/vijay185.kumar/Downloads/exitCodeZero/Java/Main.java. Using presentation compiler with project's scala-library version: 3.3.4
2024.12.27 13:33:05 INFO  no build target found for /Users/vijay185.kumar/Downloads/exitCodeZero/Java/Main.java. Using presentation compiler with project's scala-library version: 3.3.4
2024.12.27 13:33:05 INFO  no build target found for /Users/vijay185.kumar/Downloads/exitCodeZero/Java/Main.java. Using presentation compiler with project's scala-library version: 3.3.4
2024.12.27 13:33:05 INFO  no build target found for /Users/vijay185.kumar/Downloads/exitCodeZero/Java/Main.java. Using presentation compiler with project's scala-library version: 3.3.4
Dec 27, 2024 1:33:05 PM scala.meta.internal.pc.CompilerAccess handleError
SEVERE: A severe compiler error occurred, full details of the error can be found in the error report /Users/vijay185.kumar/Downloads/exitCodeZero/Java/.metals/.reports/metals-full/2024-12-27/r_compiler-error_13-33-05-354.md
2024.12.27 13:33:05 INFO  no build target found for /Users/vijay185.kumar/Downloads/exitCodeZero/Java/Main.java. Using presentation compiler with project's scala-library version: 3.3.4
2024.12.27 13:33:19 INFO  no build target found for /Users/vijay185.kumar/Downloads/exitCodeZero/Java/Main.java. Using presentation compiler with project's scala-library version: 3.3.4
2024.12.27 13:33:20 INFO  no build target found for /Users/vijay185.kumar/Downloads/exitCodeZero/Java/Main.java. Using presentation compiler with project's scala-library version: 3.3.4
2024.12.27 13:33:20 INFO  no build target found for /Users/vijay185.kumar/Downloads/exitCodeZero/Java/Main.java. Using presentation compiler with project's scala-library version: 3.3.4
2024.12.27 13:33:20 INFO  no build target found for /Users/vijay185.kumar/Downloads/exitCodeZero/Java/Main.java. Using presentation compiler with project's scala-library version: 3.3.4
2024.12.27 13:33:21 INFO  no build target found for /Users/vijay185.kumar/Downloads/exitCodeZero/Java/Main.java. Using presentation compiler with project's scala-library version: 3.3.4
Dec 27, 2024 1:33:21 PM scala.meta.internal.pc.CompilerAccess handleError
SEVERE: A severe compiler error occurred, full details of the error can be found in the error report /Users/vijay185.kumar/Downloads/exitCodeZero/Java/.metals/.reports/metals-full/2024-12-27/r_compiler-error_13-33-21-294.md
2024.12.27 13:33:24 INFO  no build target found for /Users/vijay185.kumar/Downloads/exitCodeZero/Java/Main.java. Using presentation compiler with project's scala-library version: 3.3.4
Dec 27, 2024 1:33:24 PM scala.meta.internal.pc.CompilerAccess handleError
SEVERE: A severe compiler error occurred, full details of the error can be found in the error report /Users/vijay185.kumar/Downloads/exitCodeZero/Java/.metals/.reports/metals-full/2024-12-27/r_compiler-error_13-33-24-434.md
2024.12.27 13:33:25 INFO  no build target found for /Users/vijay185.kumar/Downloads/exitCodeZero/Java/Main.java. Using presentation compiler with project's scala-library version: 3.3.4
2024.12.27 13:33:25 INFO  no build target found for /Users/vijay185.kumar/Downloads/exitCodeZero/Java/Main.java. Using presentation compiler with project's scala-library version: 3.3.4
2024.12.27 13:33:25 INFO  no build target found for /Users/vijay185.kumar/Downloads/exitCodeZero/Java/Main.java. Using presentation compiler with project's scala-library version: 3.3.4
2024.12.27 13:33:25 INFO  no build target found for /Users/vijay185.kumar/Downloads/exitCodeZero/Java/Main.java. Using presentation compiler with project's scala-library version: 3.3.4
Dec 27, 2024 1:33:25 PM scala.meta.internal.pc.CompilerAccess handleError
SEVERE: A severe compiler error occurred, full details of the error can be found in the error report /Users/vijay185.kumar/Downloads/exitCodeZero/Java/.metals/.reports/metals-full/2024-12-27/r_compiler-error_13-33-25-693.md
2024.12.27 13:33:25 INFO  no build target found for /Users/vijay185.kumar/Downloads/exitCodeZero/Java/Main.java. Using presentation compiler with project's scala-library version: 3.3.4
2024.12.27 13:33:25 INFO  no build target found for /Users/vijay185.kumar/Downloads/exitCodeZero/Java/Main.java. Using presentation compiler with project's scala-library version: 3.3.4
2024.12.27 13:33:25 INFO  no build target found for /Users/vijay185.kumar/Downloads/exitCodeZero/Java/Main.java. Using presentation compiler with project's scala-library version: 3.3.4
2024.12.27 13:33:25 INFO  no build target found for /Users/vijay185.kumar/Downloads/exitCodeZero/Java/Main.java. Using presentation compiler with project's scala-library version: 3.3.4
2024.12.27 13:33:26 INFO  no build target found for /Users/vijay185.kumar/Downloads/exitCodeZero/Java/Main.java. Using presentation compiler with project's scala-library version: 3.3.4
Dec 27, 2024 1:33:26 PM scala.meta.internal.pc.CompilerAccess handleError
SEVERE: A severe compiler error occurred, full details of the error can be found in the error report /Users/vijay185.kumar/Downloads/exitCodeZero/Java/.metals/.reports/metals-full/2024-12-27/r_compiler-error_13-33-26-359.md
2024.12.27 13:33:26 INFO  no build target found for /Users/vijay185.kumar/Downloads/exitCodeZero/Java/Main.java. Using presentation compiler with project's scala-library version: 3.3.4
2024.12.27 13:33:26 INFO  no build target found for /Users/vijay185.kumar/Downloads/exitCodeZero/Java/Main.java. Using presentation compiler with project's scala-library version: 3.3.4
2024.12.27 13:33:26 INFO  no build target found for /Users/vijay185.kumar/Downloads/exitCodeZero/Java/Main.java. Using presentation compiler with project's scala-library version: 3.3.4
Dec 27, 2024 1:33:27 PM scala.meta.internal.pc.CompilerAccess handleError
SEVERE: A severe compiler error occurred, full details of the error can be found in the error report /Users/vijay185.kumar/Downloads/exitCodeZero/Java/.metals/.reports/metals-full/2024-12-27/r_compiler-error_13-33-27-017.md
2024.12.27 13:33:26 INFO  no build target found for /Users/vijay185.kumar/Downloads/exitCodeZero/Java/Main.java. Using presentation compiler with project's scala-library version: 3.3.4
2024.12.27 13:33:32 INFO  no build target found for /Users/vijay185.kumar/Downloads/exitCodeZero/Java/Main.java. Using presentation compiler with project's scala-library version: 3.3.4
2024.12.27 13:33:32 INFO  no build target found for /Users/vijay185.kumar/Downloads/exitCodeZero/Java/Main.java. Using presentation compiler with project's scala-library version: 3.3.4
2024.12.27 13:33:32 INFO  no build target found for /Users/vijay185.kumar/Downloads/exitCodeZero/Java/Main.java. Using presentation compiler with project's scala-library version: 3.3.4
Dec 27, 2024 1:33:32 PM scala.meta.internal.pc.CompilerAccess handleError
SEVERE: A severe compiler error occurred, full details of the error can be found in the error report /Users/vijay185.kumar/Downloads/exitCodeZero/Java/.metals/.reports/metals-full/2024-12-27/r_compiler-error_13-33-32-259.md
2024.12.27 13:33:32 INFO  no build target found for /Users/vijay185.kumar/Downloads/exitCodeZero/Java/Main.java. Using presentation compiler with project's scala-library version: 3.3.4
2024.12.27 13:33:32 INFO  no build target found for /Users/vijay185.kumar/Downloads/exitCodeZero/Java/Main.java. Using presentation compiler with project's scala-library version: 3.3.4
2024.12.27 13:33:32 INFO  no build target found for /Users/vijay185.kumar/Downloads/exitCodeZero/Java/Main.java. Using presentation compiler with project's scala-library version: 3.3.4
Dec 27, 2024 1:33:32 PM scala.meta.internal.pc.CompilerAccess handleError
SEVERE: A severe compiler error occurred, full details of the error can be found in the error report /Users/vijay185.kumar/Downloads/exitCodeZero/Java/.metals/.reports/metals-full/2024-12-27/r_compiler-error_13-33-32-881.md
2024.12.27 13:33:33 INFO  no build target found for /Users/vijay185.kumar/Downloads/exitCodeZero/Java/Main.java. Using presentation compiler with project's scala-library version: 3.3.4
2024.12.27 13:33:35 INFO  no build target found for /Users/vijay185.kumar/Downloads/exitCodeZero/Java/Main.java. Using presentation compiler with project's scala-library version: 3.3.4
2024.12.27 13:33:35 INFO  no build target found for /Users/vijay185.kumar/Downloads/exitCodeZero/Java/Main.java. Using presentation compiler with project's scala-library version: 3.3.4
Dec 27, 2024 1:33:36 PM scala.meta.internal.pc.CompilerAccess handleError
SEVERE: A severe compiler error occurred, full details of the error can be found in the error report /Users/vijay185.kumar/Downloads/exitCodeZero/Java/.metals/.reports/metals-full/2024-12-27/r_compiler-error_13-33-36-815.md
2024.12.27 13:33:42 ERROR Timeout waiting for 'build/initialize' response
2024.12.27 13:33:42 WARN  Retrying connection to the build server scala-cli
2024.12.27 13:33:42 INFO  Running BSP server List(/Users/vijay185.kumar/Library/Application Support/Coursier/bin/.scala-cli.aux, bsp, --json-options, /Users/vijay185.kumar/Documents/Java/.scala-build/ide-options-v2.json, /Users/vijay185.kumar/Documents/Java)
2024.12.27 13:33:42 INFO  tracing is disabled for protocol BSP, to enable tracing of incoming and outgoing JSON messages create an empty file at /Users/vijay185.kumar/Downloads/exitCodeZero/Java/.metals/bsp.trace.json or /Users/vijay185.kumar/Library/Caches/org.scalameta.metals/bsp.trace.json
2024.12.27 13:33:42 INFO  BSP server: [error]  /Users/vijay185.kumar/Documents/Java: input file not found
2024.12.27 13:33:42 INFO  BSP server: Try viewing the relevant help to see the list of available sub-commands and options.
2024.12.27 13:33:42 INFO  BSP server:   scala-cli bsp --help
2024.12.27 13:34:42 ERROR Timeout waiting for 'build/initialize' response
2024.12.27 13:34:42 WARN  Retrying connection to the build server scala-cli
2024.12.27 13:34:42 INFO  Running BSP server List(/Users/vijay185.kumar/Library/Application Support/Coursier/bin/.scala-cli.aux, bsp, --json-options, /Users/vijay185.kumar/Documents/Java/.scala-build/ide-options-v2.json, /Users/vijay185.kumar/Documents/Java)
2024.12.27 13:34:42 INFO  tracing is disabled for protocol BSP, to enable tracing of incoming and outgoing JSON messages create an empty file at /Users/vijay185.kumar/Downloads/exitCodeZero/Java/.metals/bsp.trace.json or /Users/vijay185.kumar/Library/Caches/org.scalameta.metals/bsp.trace.json
2024.12.27 13:34:42 INFO  BSP server: [error]  /Users/vijay185.kumar/Documents/Java: input file not found
2024.12.27 13:34:42 INFO  BSP server: Try viewing the relevant help to see the list of available sub-commands and options.
2024.12.27 13:34:42 INFO  BSP server:   scala-cli bsp --help
2024.12.27 13:35:09 INFO  no build target found for /Users/vijay185.kumar/Downloads/exitCodeZero/Java/Main.java. Using presentation compiler with project's scala-library version: 3.3.4
Dec 27, 2024 1:35:09 PM scala.meta.internal.pc.CompilerAccess handleError
SEVERE: A severe compiler error occurred, full details of the error can be found in the error report /Users/vijay185.kumar/Downloads/exitCodeZero/Java/.metals/.reports/metals-full/2024-12-27/r_compiler-error_13-35-09-918.md
2024.12.27 13:35:13 INFO  no build target found for /Users/vijay185.kumar/Downloads/exitCodeZero/Java/Main.java. Using presentation compiler with project's scala-library version: 3.3.4
Dec 27, 2024 1:35:13 PM scala.meta.internal.pc.CompilerAccess handleError
SEVERE: A severe compiler error occurred, full details of the error can be found in the error report /Users/vijay185.kumar/Downloads/exitCodeZero/Java/.metals/.reports/metals-full/2024-12-27/r_compiler-error_13-35-13-727.md
2024.12.27 13:35:14 INFO  no build target found for /Users/vijay185.kumar/Downloads/exitCodeZero/Java/Main.java. Using presentation compiler with project's scala-library version: 3.3.4
Dec 27, 2024 1:35:14 PM scala.meta.internal.pc.CompilerAccess handleError
SEVERE: A severe compiler error occurred, full details of the error can be found in the error report /Users/vijay185.kumar/Downloads/exitCodeZero/Java/.metals/.reports/metals-full/2024-12-27/r_compiler-error_13-35-14-713.md
2024.12.27 13:35:23 INFO  no build target found for /Users/vijay185.kumar/Downloads/exitCodeZero/Java/Main.java. Using presentation compiler with project's scala-library version: 3.3.4
Dec 27, 2024 1:35:23 PM scala.meta.internal.pc.CompilerAccess handleError
SEVERE: A severe compiler error occurred, full details of the error can be found in the error report /Users/vijay185.kumar/Downloads/exitCodeZero/Java/.metals/.reports/metals-full/2024-12-27/r_compiler-error_13-35-23-084.md
2024.12.27 13:35:26 INFO  no build target found for /Users/vijay185.kumar/Downloads/exitCodeZero/Java/Main.java. Using presentation compiler with project's scala-library version: 3.3.4
Dec 27, 2024 1:35:27 PM scala.meta.internal.pc.CompilerAccess handleError
SEVERE: A severe compiler error occurred, full details of the error can be found in the error report /Users/vijay185.kumar/Downloads/exitCodeZero/Java/.metals/.reports/metals-full/2024-12-27/r_compiler-error_13-35-27-000.md
2024.12.27 13:35:42 ERROR Timeout waiting for 'build/initialize' response
2024.12.27 13:35:42 WARN  Retrying connection to the build server scala-cli
2024.12.27 13:35:42 INFO  Running BSP server List(/Users/vijay185.kumar/Library/Application Support/Coursier/bin/.scala-cli.aux, bsp, --json-options, /Users/vijay185.kumar/Documents/Java/.scala-build/ide-options-v2.json, /Users/vijay185.kumar/Documents/Java)
2024.12.27 13:35:42 INFO  tracing is disabled for protocol BSP, to enable tracing of incoming and outgoing JSON messages create an empty file at /Users/vijay185.kumar/Downloads/exitCodeZero/Java/.metals/bsp.trace.json or /Users/vijay185.kumar/Library/Caches/org.scalameta.metals/bsp.trace.json
2024.12.27 13:35:42 INFO  BSP server: [error]  /Users/vijay185.kumar/Documents/Java: input file not found
2024.12.27 13:35:42 INFO  BSP server: Try viewing the relevant help to see the list of available sub-commands and options.
2024.12.27 13:35:42 INFO  BSP server:   scala-cli bsp --help
2024.12.27 13:36:11 INFO  no build target found for /Users/vijay185.kumar/Downloads/exitCodeZero/Java/Main.java. Using presentation compiler with project's scala-library version: 3.3.4
Dec 27, 2024 1:36:11 PM scala.meta.internal.pc.CompilerAccess handleError
SEVERE: A severe compiler error occurred, full details of the error can be found in the error report /Users/vijay185.kumar/Downloads/exitCodeZero/Java/.metals/.reports/metals-full/2024-12-27/r_compiler-error_13-36-11-500.md
2024.12.27 13:36:42 ERROR Timeout waiting for 'build/initialize' response
2024.12.27 13:36:42 ERROR Failed to connect with build server, no functionality will work.
java.util.concurrent.TimeoutException
	at java.util.concurrent.CompletableFuture.timedGet(CompletableFuture.java:1960)
	at java.util.concurrent.CompletableFuture.get(CompletableFuture.java:2095)
	at scala.meta.internal.metals.BuildServerConnection$.initialize(BuildServerConnection.scala:757)
	at scala.meta.internal.metals.BuildServerConnection$.$anonfun$fromSockets$1(BuildServerConnection.scala:630)
	at scala.concurrent.impl.Promise$Transformation.run(Promise.scala:467)
	at java.util.concurrent.ThreadPoolExecutor.runWorker(ThreadPoolExecutor.java:1144)
	at java.util.concurrent.ThreadPoolExecutor$Worker.run(ThreadPoolExecutor.java:642)
	at java.lang.Thread.run(Thread.java:1570)

2024.12.27 13:38:43 INFO  no build target found for /Users/vijay185.kumar/Downloads/exitCodeZero/Java/Main.java. Using presentation compiler with project's scala-library version: 3.3.4
2024.12.27 13:38:43 INFO  no build target found for /Users/vijay185.kumar/Downloads/exitCodeZero/Java/Main.java. Using presentation compiler with project's scala-library version: 3.3.4
2024.12.27 13:38:43 INFO  no build target found for /Users/vijay185.kumar/Downloads/exitCodeZero/Java/Main.java. Using presentation compiler with project's scala-library version: 3.3.4
Dec 27, 2024 1:38:43 PM scala.meta.internal.pc.CompilerAccess handleError
SEVERE: A severe compiler error occurred, full details of the error can be found in the error report /Users/vijay185.kumar/Downloads/exitCodeZero/Java/.metals/.reports/metals-full/2024-12-27/r_compiler-error_13-38-43-923.md
2024.12.27 13:38:43 INFO  no build target found for /Users/vijay185.kumar/Downloads/exitCodeZero/Java/Main.java. Using presentation compiler with project's scala-library version: 3.3.4
2024.12.27 13:38:45 INFO  no build target found for /Users/vijay185.kumar/Downloads/exitCodeZero/Java/Main.java. Using presentation compiler with project's scala-library version: 3.3.4
2024.12.27 13:38:45 INFO  no build target found for /Users/vijay185.kumar/Downloads/exitCodeZero/Java/Main.java. Using presentation compiler with project's scala-library version: 3.3.4
2024.12.27 13:38:45 INFO  no build target found for /Users/vijay185.kumar/Downloads/exitCodeZero/Java/Main.java. Using presentation compiler with project's scala-library version: 3.3.4
Dec 27, 2024 1:38:45 PM scala.meta.internal.pc.CompilerAccess handleError
SEVERE: A severe compiler error occurred, full details of the error can be found in the error report /Users/vijay185.kumar/Downloads/exitCodeZero/Java/.metals/.reports/metals-full/2024-12-27/r_compiler-error_13-38-45-371.md
2024.12.27 13:38:45 INFO  no build target found for /Users/vijay185.kumar/Downloads/exitCodeZero/Java/Main.java. Using presentation compiler with project's scala-library version: 3.3.4
2024.12.27 13:38:46 WARN  no build target for: /Users/vijay185.kumar/Downloads/exitCodeZero/Java/Main.java
2024.12.27 13:38:46 INFO  no build target found for /Users/vijay185.kumar/Downloads/exitCodeZero/Java/Main.java. Using presentation compiler with project's scala-library version: 3.3.4
Dec 27, 2024 1:38:46 PM scala.meta.internal.pc.CompilerAccess handleError
SEVERE: A severe compiler error occurred, full details of the error can be found in the error report /Users/vijay185.kumar/Downloads/exitCodeZero/Java/.metals/.reports/metals-full/2024-12-27/r_compiler-error_13-38-46-651.md
2024.12.27 13:38:47 INFO  no build target found for /Users/vijay185.kumar/Downloads/exitCodeZero/Java/Main.java. Using presentation compiler with project's scala-library version: 3.3.4
2024.12.27 13:38:51 INFO  no build target found for /Users/vijay185.kumar/Downloads/exitCodeZero/Java/Main.java. Using presentation compiler with project's scala-library version: 3.3.4
Dec 27, 2024 1:38:51 PM org.eclipse.lsp4j.jsonrpc.RemoteEndpoint handleNotification
WARNING: Notification threw an exception: {
  "jsonrpc": "2.0",
  "method": "metals/didFocusTextDocument",
  "params": [
    "class:/Users/vijay185.kumar/Downloads/exitCodeZero/Java/InventorySystem.class"
  ]
}
java.nio.file.FileSystemNotFoundException: Provider "class" not installed
	at java.base/java.nio.file.Path.of(Path.java:213)
	at java.base/java.nio.file.Paths.get(Paths.java:98)
	at scala.meta.internal.mtags.MtagsEnrichments$XtensionURIMtags.toAbsolutePath(MtagsEnrichments.scala:130)
	at scala.meta.internal.mtags.MtagsEnrichments$XtensionStringMtags.toAbsolutePath(MtagsEnrichments.scala:190)
	at scala.meta.internal.metals.MetalsEnrichments$XtensionString.toAbsolutePath(MetalsEnrichments.scala:774)
	at scala.meta.internal.metals.MetalsEnrichments$XtensionString.toAbsolutePath(MetalsEnrichments.scala:771)
	at scala.meta.internal.metals.WorkspaceLspService.didFocus(WorkspaceLspService.scala:718)
	at scala.meta.metals.lsp.DelegatingScalaService.didFocus(DelegatingScalaService.scala:43)
	at java.base/jdk.internal.reflect.DirectMethodHandleAccessor.invoke(DirectMethodHandleAccessor.java:103)
	at java.base/java.lang.reflect.Method.invoke(Method.java:580)
	at org.eclipse.lsp4j.jsonrpc.services.GenericEndpoint.lambda$recursiveFindRpcMethods$0(GenericEndpoint.java:65)
	at org.eclipse.lsp4j.jsonrpc.services.GenericEndpoint.notify(GenericEndpoint.java:160)
	at org.eclipse.lsp4j.jsonrpc.RemoteEndpoint.handleNotification(RemoteEndpoint.java:231)
	at org.eclipse.lsp4j.jsonrpc.RemoteEndpoint.consume(RemoteEndpoint.java:198)
	at org.eclipse.lsp4j.jsonrpc.json.StreamMessageProducer.handleMessage(StreamMessageProducer.java:185)
	at org.eclipse.lsp4j.jsonrpc.json.StreamMessageProducer.listen(StreamMessageProducer.java:97)
	at org.eclipse.lsp4j.jsonrpc.json.ConcurrentMessageProcessor.run(ConcurrentMessageProcessor.java:114)
	at java.base/java.util.concurrent.Executors$RunnableAdapter.call(Executors.java:572)
	at java.base/java.util.concurrent.FutureTask.run(FutureTask.java:317)
	at java.base/java.util.concurrent.ThreadPoolExecutor.runWorker(ThreadPoolExecutor.java:1144)
	at java.base/java.util.concurrent.ThreadPoolExecutor$Worker.run(ThreadPoolExecutor.java:642)
	at java.base/java.lang.Thread.run(Thread.java:1570)

Dec 27, 2024 1:38:51 PM org.eclipse.lsp4j.jsonrpc.RemoteEndpoint handleNotification
WARNING: Notification threw an exception: {
  "jsonrpc": "2.0",
  "method": "metals/didFocusTextDocument",
  "params": [
    "class:/Users/vijay185.kumar/Downloads/exitCodeZero/Java/Status.class"
  ]
}
java.nio.file.FileSystemNotFoundException: Provider "class" not installed
	at java.base/java.nio.file.Path.of(Path.java:213)
	at java.base/java.nio.file.Paths.get(Paths.java:98)
	at scala.meta.internal.mtags.MtagsEnrichments$XtensionURIMtags.toAbsolutePath(MtagsEnrichments.scala:130)
	at scala.meta.internal.mtags.MtagsEnrichments$XtensionStringMtags.toAbsolutePath(MtagsEnrichments.scala:190)
	at scala.meta.internal.metals.MetalsEnrichments$XtensionString.toAbsolutePath(MetalsEnrichments.scala:774)
	at scala.meta.internal.metals.MetalsEnrichments$XtensionString.toAbsolutePath(MetalsEnrichments.scala:771)
	at scala.meta.internal.metals.WorkspaceLspService.didFocus(WorkspaceLspService.scala:718)
	at scala.meta.metals.lsp.DelegatingScalaService.didFocus(DelegatingScalaService.scala:43)
	at java.base/jdk.internal.reflect.DirectMethodHandleAccessor.invoke(DirectMethodHandleAccessor.java:103)
	at java.base/java.lang.reflect.Method.invoke(Method.java:580)
	at org.eclipse.lsp4j.jsonrpc.services.GenericEndpoint.lambda$recursiveFindRpcMethods$0(GenericEndpoint.java:65)
	at org.eclipse.lsp4j.jsonrpc.services.GenericEndpoint.notify(GenericEndpoint.java:160)
	at org.eclipse.lsp4j.jsonrpc.RemoteEndpoint.handleNotification(RemoteEndpoint.java:231)
	at org.eclipse.lsp4j.jsonrpc.RemoteEndpoint.consume(RemoteEndpoint.java:198)
	at org.eclipse.lsp4j.jsonrpc.json.StreamMessageProducer.handleMessage(StreamMessageProducer.java:185)
	at org.eclipse.lsp4j.jsonrpc.json.StreamMessageProducer.listen(StreamMessageProducer.java:97)
	at org.eclipse.lsp4j.jsonrpc.json.ConcurrentMessageProcessor.run(ConcurrentMessageProcessor.java:114)
	at java.base/java.util.concurrent.Executors$RunnableAdapter.call(Executors.java:572)
	at java.base/java.util.concurrent.FutureTask.run(FutureTask.java:317)
	at java.base/java.util.concurrent.ThreadPoolExecutor.runWorker(ThreadPoolExecutor.java:1144)
	at java.base/java.util.concurrent.ThreadPoolExecutor$Worker.run(ThreadPoolExecutor.java:642)
	at java.base/java.lang.Thread.run(Thread.java:1570)

Dec 27, 2024 1:38:52 PM org.eclipse.lsp4j.jsonrpc.RemoteEndpoint handleNotification
WARNING: Notification threw an exception: {
  "jsonrpc": "2.0",
  "method": "metals/didFocusTextDocument",
  "params": [
    "class:/Users/vijay185.kumar/Downloads/exitCodeZero/Java/InventorySystem.class"
  ]
}
java.nio.file.FileSystemNotFoundException: Provider "class" not installed
	at java.base/java.nio.file.Path.of(Path.java:213)
	at java.base/java.nio.file.Paths.get(Paths.java:98)
	at scala.meta.internal.mtags.MtagsEnrichments$XtensionURIMtags.toAbsolutePath(MtagsEnrichments.scala:130)
	at scala.meta.internal.mtags.MtagsEnrichments$XtensionStringMtags.toAbsolutePath(MtagsEnrichments.scala:190)
	at scala.meta.internal.metals.MetalsEnrichments$XtensionString.toAbsolutePath(MetalsEnrichments.scala:774)
	at scala.meta.internal.metals.MetalsEnrichments$XtensionString.toAbsolutePath(MetalsEnrichments.scala:771)
	at scala.meta.internal.metals.WorkspaceLspService.didFocus(WorkspaceLspService.scala:718)
	at scala.meta.metals.lsp.DelegatingScalaService.didFocus(DelegatingScalaService.scala:43)
	at java.base/jdk.internal.reflect.DirectMethodHandleAccessor.invoke(DirectMethodHandleAccessor.java:103)
	at java.base/java.lang.reflect.Method.invoke(Method.java:580)
	at org.eclipse.lsp4j.jsonrpc.services.GenericEndpoint.lambda$recursiveFindRpcMethods$0(GenericEndpoint.java:65)
	at org.eclipse.lsp4j.jsonrpc.services.GenericEndpoint.notify(GenericEndpoint.java:160)
	at org.eclipse.lsp4j.jsonrpc.RemoteEndpoint.handleNotification(RemoteEndpoint.java:231)
	at org.eclipse.lsp4j.jsonrpc.RemoteEndpoint.consume(RemoteEndpoint.java:198)
	at org.eclipse.lsp4j.jsonrpc.json.StreamMessageProducer.handleMessage(StreamMessageProducer.java:185)
	at org.eclipse.lsp4j.jsonrpc.json.StreamMessageProducer.listen(StreamMessageProducer.java:97)
	at org.eclipse.lsp4j.jsonrpc.json.ConcurrentMessageProcessor.run(ConcurrentMessageProcessor.java:114)
	at java.base/java.util.concurrent.Executors$RunnableAdapter.call(Executors.java:572)
	at java.base/java.util.concurrent.FutureTask.run(FutureTask.java:317)
	at java.base/java.util.concurrent.ThreadPoolExecutor.runWorker(ThreadPoolExecutor.java:1144)
	at java.base/java.util.concurrent.ThreadPoolExecutor$Worker.run(ThreadPoolExecutor.java:642)
	at java.base/java.lang.Thread.run(Thread.java:1570)

Dec 27, 2024 1:40:53 PM org.eclipse.lsp4j.jsonrpc.RemoteEndpoint handleNotification
WARNING: Notification threw an exception: {
  "jsonrpc": "2.0",
  "method": "metals/didFocusTextDocument",
  "params": [
    "class:/Users/vijay185.kumar/Downloads/exitCodeZero/Java/Main.class"
  ]
}
java.nio.file.FileSystemNotFoundException: Provider "class" not installed
	at java.base/java.nio.file.Path.of(Path.java:213)
	at java.base/java.nio.file.Paths.get(Paths.java:98)
	at scala.meta.internal.mtags.MtagsEnrichments$XtensionURIMtags.toAbsolutePath(MtagsEnrichments.scala:130)
	at scala.meta.internal.mtags.MtagsEnrichments$XtensionStringMtags.toAbsolutePath(MtagsEnrichments.scala:190)
	at scala.meta.internal.metals.MetalsEnrichments$XtensionString.toAbsolutePath(MetalsEnrichments.scala:774)
	at scala.meta.internal.metals.MetalsEnrichments$XtensionString.toAbsolutePath(MetalsEnrichments.scala:771)
	at scala.meta.internal.metals.WorkspaceLspService.didFocus(WorkspaceLspService.scala:718)
	at scala.meta.metals.lsp.DelegatingScalaService.didFocus(DelegatingScalaService.scala:43)
	at java.base/jdk.internal.reflect.DirectMethodHandleAccessor.invoke(DirectMethodHandleAccessor.java:103)
	at java.base/java.lang.reflect.Method.invoke(Method.java:580)
	at org.eclipse.lsp4j.jsonrpc.services.GenericEndpoint.lambda$recursiveFindRpcMethods$0(GenericEndpoint.java:65)
	at org.eclipse.lsp4j.jsonrpc.services.GenericEndpoint.notify(GenericEndpoint.java:160)
	at org.eclipse.lsp4j.jsonrpc.RemoteEndpoint.handleNotification(RemoteEndpoint.java:231)
	at org.eclipse.lsp4j.jsonrpc.RemoteEndpoint.consume(RemoteEndpoint.java:198)
	at org.eclipse.lsp4j.jsonrpc.json.StreamMessageProducer.handleMessage(StreamMessageProducer.java:185)
	at org.eclipse.lsp4j.jsonrpc.json.StreamMessageProducer.listen(StreamMessageProducer.java:97)
	at org.eclipse.lsp4j.jsonrpc.json.ConcurrentMessageProcessor.run(ConcurrentMessageProcessor.java:114)
	at java.base/java.util.concurrent.Executors$RunnableAdapter.call(Executors.java:572)
	at java.base/java.util.concurrent.FutureTask.run(FutureTask.java:317)
	at java.base/java.util.concurrent.ThreadPoolExecutor.runWorker(ThreadPoolExecutor.java:1144)
	at java.base/java.util.concurrent.ThreadPoolExecutor$Worker.run(ThreadPoolExecutor.java:642)
	at java.base/java.lang.Thread.run(Thread.java:1570)

2024.12.27 13:41:08 INFO  Shutting down server
2024.12.27 13:41:08 INFO  shutting down Metals
2024.12.27 13:41:08 INFO  Exiting server
